SF:lib/core/di/helpers.dart
DA:10,0
DA:11,0
DA:18,1
DA:19,2
DA:26,0
DA:28,0
DA:29,0
DA:36,3
LF:8
LH:3
end_of_record
SF:lib/modules/common/screens/home/home_presenter.dart
DA:6,0
DA:8,0
DA:10,0
LF:3
LH:0
end_of_record
SF:lib/modules/common/screens/home/home_view.dart
DA:12,1
DA:16,1
DA:17,1
DA:23,1
DA:25,2
DA:27,1
DA:29,1
DA:32,1
DA:34,1
DA:35,1
DA:36,3
DA:38,1
DA:40,1
DA:41,1
DA:43,2
DA:45,2
DA:47,2
DA:54,1
DA:55,1
DA:56,0
LF:20
LH:19
end_of_record
SF:lib/modules/common/shared/strings/localization/common_strings.dart
DA:64,1
DA:65,2
DA:69,1
DA:70,1
DA:109,1
DA:111,1
DA:113,2
DA:116,1
DA:118,3
DA:120,0
DA:124,1
DA:126,1
DA:127,1
DA:128,0
DA:129,1
DA:130,0
DA:131,1
DA:132,1
DA:135,0
LF:19
LH:15
end_of_record
SF:lib/core/flavors/flavors.dart
DA:11,1
DA:13,1
DA:15,1
DA:17,1
DA:24,3
DA:26,0
DA:27,0
LF:7
LH:5
end_of_record
SF:lib/modules/common/shared/strings/localization/common_strings_en.dart
DA:5,0
DA:7,0
LF:2
LH:0
end_of_record
SF:lib/modules/common/shared/strings/localization/common_strings_es.dart
DA:5,0
DA:7,0
LF:2
LH:0
end_of_record
SF:lib/modules/common/shared/strings/localization/common_strings_pt.dart
DA:5,2
DA:7,1
LF:2
LH:2
end_of_record
